# JRE version: Java(TM) SE Runtime Environment (8.0_66-b18) (build 1.8.0_66-b18)
# Java VM: Java HotSpot(TM) 64-Bit Server VM (25.66-b18 mixed mode windows-amd64 compressed oops)
Heap:
 PSYoungGen      total 310272K, used 141452K [0x00000000eab00000, 0x0000000100000000, 0x0000000100000000)
  eden space 289792K, 45% used [0x00000000eab00000,0x00000000f2beb358,0x00000000fc600000)
  from space 20480K, 46% used [0x00000000fec00000,0x00000000ff538020,0x0000000100000000)
  to   space 29696K, 0% used [0x00000000fc600000,0x00000000fc600000,0x00000000fe300000)
 ParOldGen       total 89088K, used 56576K [0x00000000c0000000, 0x00000000c5700000, 0x00000000eab00000)
  object space 89088K, 63% used [0x00000000c0000000,0x00000000c3740280,0x00000000c5700000)
 Metaspace       used 53813K, capacity 58014K, committed 58240K, reserved 1099776K
  class space    used 7342K, capacity 8476K, committed 8576K, reserved 1048576K
GC Heap History (10 events):
Event: 4.932 GC heap before
{Heap before GC invocations=9 (full 1):
 PSYoungGen      total 210944K, used 46899K [0x00000000eab00000, 0x0000000100000000, 0x0000000100000000)
  eden space 197632K, 16% used [0x00000000eab00000,0x00000000ecbce530,0x00000000f6c00000)
  from space 13312K, 99% used [0x00000000f6c00000,0x00000000f78fe910,0x00000000f7900000)
  to   space 18944K, 0% used [0x00000000fed80000,0x00000000fed80000,0x0000000100000000)
 ParOldGen       total 63488K, used 17165K [0x00000000c0000000, 0x00000000c3e00000, 0x00000000eab00000)
  object space 63488K, 27% used [0x00000000c0000000,0x00000000c10c36c8,0x00000000c3e00000)
 Metaspace       used 34448K, capacity 35390K, committed 35456K, reserved 1079296K
  class space    used 4586K, capacity 4989K, committed 4992K, reserved 1048576K
Event: 4.953 GC heap after
Heap after GC invocations=9 (full 1):
 PSYoungGen      total 327168K, used 13765K [0x00000000eab00000, 0x0000000100000000, 0x0000000100000000)
  eden space 308224K, 0% used [0x00000000eab00000,0x00000000eab00000,0x00000000fd800000)
  from space 18944K, 72% used [0x00000000fed80000,0x00000000ffaf1720,0x0000000100000000)
  to   space 20480K, 0% used [0x00000000fd800000,0x00000000fd800000,0x00000000fec00000)
 ParOldGen       total 63488K, used 18142K [0x00000000c0000000, 0x00000000c3e00000, 0x00000000eab00000)
  object space 63488K, 28% used [0x00000000c0000000,0x00000000c11b7828,0x00000000c3e00000)
 Metaspace       used 34448K, capacity 35390K, committed 35456K, reserved 1079296K
  class space    used 4586K, capacity 4989K, committed 4992K, reserved 1048576K
}
Event: 4.953 GC heap before
{Heap before GC invocations=10 (full 2):
 PSYoungGen      total 327168K, used 13765K [0x00000000eab00000, 0x0000000100000000, 0x0000000100000000)
  eden space 308224K, 0% used [0x00000000eab00000,0x00000000eab00000,0x00000000fd800000)
  from space 18944K, 72% used [0x00000000fed80000,0x00000000ffaf1720,0x0000000100000000)
  to   space 20480K, 0% used [0x00000000fd800000,0x00000000fd800000,0x00000000fec00000)
 ParOldGen       total 63488K, used 18142K [0x00000000c0000000, 0x00000000c3e00000, 0x00000000eab00000)
  object space 63488K, 28% used [0x00000000c0000000,0x00000000c11b7828,0x00000000c3e00000)
 Metaspace       used 34448K, capacity 35390K, committed 35456K, reserved 1079296K
  class space    used 4586K, capacity 4989K, committed 4992K, reserved 1048576K
Event: 5.035 GC heap after
Heap after GC invocations=10 (full 2):
 PSYoungGen      total 327168K, used 0K [0x00000000eab00000, 0x0000000100000000, 0x0000000100000000)
  eden space 308224K, 0% used [0x00000000eab00000,0x00000000eab00000,0x00000000fd800000)
  from space 18944K, 0% used [0x00000000fed80000,0x00000000fed80000,0x0000000100000000)
  to   space 20480K, 0% used [0x00000000fd800000,0x00000000fd800000,0x00000000fec00000)
 ParOldGen       total 89088K, used 21410K [0x00000000c0000000, 0x00000000c5700000, 0x00000000eab00000)
  object space 89088K, 24% used [0x00000000c0000000,0x00000000c14e8a20,0x00000000c5700000)
 Metaspace       used 34410K, capacity 35276K, committed 35456K, reserved 1079296K
  class space    used 4580K, capacity 4955K, committed 4992K, reserved 1048576K
}
Event: 7.356 GC heap before
{Heap before GC invocations=11 (full 2):
 PSYoungGen      total 327168K, used 307452K [0x00000000eab00000, 0x0000000100000000, 0x0000000100000000)
  eden space 308224K, 99% used [0x00000000eab00000,0x00000000fd73f0b8,0x00000000fd800000)
  from space 18944K, 0% used [0x00000000fed80000,0x00000000fed80000,0x0000000100000000)
  to   space 20480K, 0% used [0x00000000fd800000,0x00000000fd800000,0x00000000fec00000)
 ParOldGen       total 89088K, used 21410K [0x00000000c0000000, 0x00000000c5700000, 0x00000000eab00000)
  object space 89088K, 24% used [0x00000000c0000000,0x00000000c14e8a20,0x00000000c5700000)
 Metaspace       used 44485K, capacity 47018K, committed 47232K, reserved 1089536K
  class space    used 6134K, capacity 7012K, committed 7040K, reserved 1048576K
Event: 7.409 GC heap after
Heap after GC invocations=11 (full 2):
 PSYoungGen      total 328704K, used 20463K [0x00000000eab00000, 0x0000000100000000, 0x0000000100000000)
  eden space 308224K, 0% used [0x00000000eab00000,0x00000000eab00000,0x00000000fd800000)
  from space 20480K, 99% used [0x00000000fd800000,0x00000000febfbf40,0x00000000fec00000)
  to   space 20480K, 0% used [0x00000000fec00000,0x00000000fec00000,0x0000000100000000)
 ParOldGen       total 89088K, used 38163K [0x00000000c0000000, 0x00000000c5700000, 0x00000000eab00000)
  object space 89088K, 42% used [0x00000000c0000000,0x00000000c2544eb8,0x00000000c5700000)
 Metaspace       used 44485K, capacity 47018K, committed 47232K, reserved 1089536K
  class space    used 6134K, capacity 7012K, committed 7040K, reserved 1048576K
}
Event: 7.409 GC heap before
{Heap before GC invocations=12 (full 3):
 PSYoungGen      total 328704K, used 20463K [0x00000000eab00000, 0x0000000100000000, 0x0000000100000000)
  eden space 308224K, 0% used [0x00000000eab00000,0x00000000eab00000,0x00000000fd800000)
  from space 20480K, 99% used [0x00000000fd800000,0x00000000febfbf40,0x00000000fec00000)
  to   space 20480K, 0% used [0x00000000fec00000,0x00000000fec00000,0x0000000100000000)
 ParOldGen       total 89088K, used 38163K [0x00000000c0000000, 0x00000000c5700000, 0x00000000eab00000)
  object space 89088K, 42% used [0x00000000c0000000,0x00000000c2544eb8,0x00000000c5700000)
 Metaspace       used 44485K, capacity 47018K, committed 47232K, reserved 1089536K
  class space    used 6134K, capacity 7012K, committed 7040K, reserved 1048576K
Event: 7.706 GC heap after
Heap after GC invocations=12 (full 3):
 PSYoungGen      total 328704K, used 0K [0x00000000eab00000, 0x0000000100000000, 0x0000000100000000)
  eden space 308224K, 0% used [0x00000000eab00000,0x00000000eab00000,0x00000000fd800000)
  from space 20480K, 0% used [0x00000000fd800000,0x00000000fd800000,0x00000000fec00000)
  to   space 20480K, 0% used [0x00000000fec00000,0x00000000fec00000,0x0000000100000000)
 ParOldGen       total 89088K, used 56568K [0x00000000c0000000, 0x00000000c5700000, 0x00000000eab00000)
  object space 89088K, 63% used [0x00000000c0000000,0x00000000c373e280,0x00000000c5700000)
 Metaspace       used 44485K, capacity 47018K, committed 47232K, reserved 1089536K
  class space    used 6134K, capacity 7012K, committed 7040K, reserved 1048576K
}
Event: 73.424 GC heap before
{Heap before GC invocations=13 (full 3):
 PSYoungGen      total 328704K, used 308224K [0x00000000eab00000, 0x0000000100000000, 0x0000000100000000)
  eden space 308224K, 100% used [0x00000000eab00000,0x00000000fd800000,0x00000000fd800000)
  from space 20480K, 0% used [0x00000000fd800000,0x00000000fd800000,0x00000000fec00000)
  to   space 20480K, 0% used [0x00000000fec00000,0x00000000fec00000,0x0000000100000000)
 ParOldGen       total 89088K, used 56568K [0x00000000c0000000, 0x00000000c5700000, 0x00000000eab00000)
  object space 89088K, 63% used [0x00000000c0000000,0x00000000c373e280,0x00000000c5700000)
 Metaspace       used 47919K, capacity 51902K, committed 52096K, reserved 1093632K
  class space    used 6621K, capacity 7753K, committed 7808K, reserved 1048576K
Event: 73.443 GC heap after
Heap after GC invocations=13 (full 3):
 PSYoungGen      total 310272K, used 9440K [0x00000000eab00000, 0x0000000100000000, 0x0000000100000000)
  eden space 289792K, 0% used [0x00000000eab00000,0x00000000eab00000,0x00000000fc600000)
  from space 20480K, 46% used [0x00000000fec00000,0x00000000ff538020,0x0000000100000000)
  to   space 29696K, 0% used [0x00000000fc600000,0x00000000fc600000,0x00000000fe300000)
 ParOldGen       total 89088K, used 56576K [0x00000000c0000000, 0x00000000c5700000, 0x00000000eab00000)
  object space 89088K, 63% used [0x00000000c0000000,0x00000000c3740280,0x00000000c5700000)
 Metaspace       used 47919K, capacity 51902K, committed 52096K, reserved 1093632K
  class space    used 6621K, capacity 7753K, committed 7808K, reserved 1048576K
}

