# JRE version: Java(TM) SE Runtime Environment (8.0_66-b18) (build 1.8.0_66-b18)
# Java VM: Java HotSpot(TM) 64-Bit Server VM (25.66-b18 mixed mode windows-amd64 compressed oops)
Heap:
 PSYoungGen      total 108544K, used 10969K [0x00000000eab00000, 0x00000000f5780000, 0x0000000100000000)
  eden space 96768K, 9% used [0x00000000eab00000,0x00000000eb3e5320,0x00000000f0980000)
  from space 11776K, 15% used [0x00000000f0980000,0x00000000f0b51100,0x00000000f1500000)
  to   space 11776K, 0% used [0x00000000f4c00000,0x00000000f4c00000,0x00000000f5780000)
 ParOldGen       total 63488K, used 8547K [0x00000000c0000000, 0x00000000c3e00000, 0x00000000eab00000)
  object space 63488K, 13% used [0x00000000c0000000,0x00000000c0858f78,0x00000000c3e00000)
 Metaspace       used 22305K, capacity 22858K, committed 23168K, reserved 1069056K
  class space    used 2945K, capacity 3148K, committed 3200K, reserved 1048576K
GC Heap History (10 events):
Event: 2.557 GC heap before
{Heap before GC invocations=4 (full 0):
 PSYoungGen      total 38400K, used 27282K [0x00000000eab00000, 0x00000000ef600000, 0x0000000100000000)
  eden space 33280K, 66% used [0x00000000eab00000,0x00000000ec0a6870,0x00000000ecb80000)
  from space 5120K, 99% used [0x00000000ecb80000,0x00000000ed07e050,0x00000000ed080000)
  to   space 5120K, 0% used [0x00000000ef100000,0x00000000ef100000,0x00000000ef600000)
 ParOldGen       total 87552K, used 6178K [0x00000000c0000000, 0x00000000c5580000, 0x00000000eab00000)
  object space 87552K, 7% used [0x00000000c0000000,0x00000000c0608ba8,0x00000000c5580000)
 Metaspace       used 20698K, capacity 21220K, committed 21296K, reserved 1067008K
  class space    used 2771K, capacity 2923K, committed 2944K, reserved 1048576K
Event: 2.612 GC heap after
Heap after GC invocations=4 (full 0):
 PSYoungGen      total 71680K, used 5112K [0x00000000eab00000, 0x00000000ef600000, 0x0000000100000000)
  eden space 66560K, 0% used [0x00000000eab00000,0x00000000eab00000,0x00000000eec00000)
  from space 5120K, 99% used [0x00000000ef100000,0x00000000ef5fe050,0x00000000ef600000)
  to   space 5120K, 0% used [0x00000000eec00000,0x00000000eec00000,0x00000000ef100000)
 ParOldGen       total 87552K, used 8912K [0x00000000c0000000, 0x00000000c5580000, 0x00000000eab00000)
  object space 87552K, 10% used [0x00000000c0000000,0x00000000c08b42c8,0x00000000c5580000)
 Metaspace       used 20698K, capacity 21220K, committed 21296K, reserved 1067008K
  class space    used 2771K, capacity 2923K, committed 2944K, reserved 1048576K
}
Event: 2.612 GC heap before
{Heap before GC invocations=5 (full 1):
 PSYoungGen      total 71680K, used 5112K [0x00000000eab00000, 0x00000000ef600000, 0x0000000100000000)
  eden space 66560K, 0% used [0x00000000eab00000,0x00000000eab00000,0x00000000eec00000)
  from space 5120K, 99% used [0x00000000ef100000,0x00000000ef5fe050,0x00000000ef600000)
  to   space 5120K, 0% used [0x00000000eec00000,0x00000000eec00000,0x00000000ef100000)
 ParOldGen       total 87552K, used 8912K [0x00000000c0000000, 0x00000000c5580000, 0x00000000eab00000)
  object space 87552K, 10% used [0x00000000c0000000,0x00000000c08b42c8,0x00000000c5580000)
 Metaspace       used 20698K, capacity 21220K, committed 21296K, reserved 1067008K
  class space    used 2771K, capacity 2923K, committed 2944K, reserved 1048576K
Event: 2.721 GC heap after
Heap after GC invocations=5 (full 1):
 PSYoungGen      total 71680K, used 0K [0x00000000eab00000, 0x00000000ef600000, 0x0000000100000000)
  eden space 66560K, 0% used [0x00000000eab00000,0x00000000eab00000,0x00000000eec00000)
  from space 5120K, 0% used [0x00000000ef100000,0x00000000ef100000,0x00000000ef600000)
  to   space 5120K, 0% used [0x00000000eec00000,0x00000000eec00000,0x00000000ef100000)
 ParOldGen       total 63488K, used 8523K [0x00000000c0000000, 0x00000000c3e00000, 0x00000000eab00000)
  object space 63488K, 13% used [0x00000000c0000000,0x00000000c0852f78,0x00000000c3e00000)
 Metaspace       used 20698K, capacity 21220K, committed 21296K, reserved 1067008K
  class space    used 2771K, capacity 2923K, committed 2944K, reserved 1048576K
}
Event: 3.086 GC heap before
{Heap before GC invocations=6 (full 1):
 PSYoungGen      total 71680K, used 66560K [0x00000000eab00000, 0x00000000ef600000, 0x0000000100000000)
  eden space 66560K, 100% used [0x00000000eab00000,0x00000000eec00000,0x00000000eec00000)
  from space 5120K, 0% used [0x00000000ef100000,0x00000000ef100000,0x00000000ef600000)
  to   space 5120K, 0% used [0x00000000eec00000,0x00000000eec00000,0x00000000ef100000)
 ParOldGen       total 63488K, used 8523K [0x00000000c0000000, 0x00000000c3e00000, 0x00000000eab00000)
  object space 63488K, 13% used [0x00000000c0000000,0x00000000c0852f78,0x00000000c3e00000)
 Metaspace       used 22270K, capacity 22794K, committed 22912K, reserved 1069056K
  class space    used 2944K, capacity 3148K, committed 3200K, reserved 1048576K
Event: 3.088 GC heap after
Heap after GC invocations=6 (full 1):
 PSYoungGen      total 71680K, used 2017K [0x00000000eab00000, 0x00000000f2000000, 0x0000000100000000)
  eden space 66560K, 0% used [0x00000000eab00000,0x00000000eab00000,0x00000000eec00000)
  from space 5120K, 39% used [0x00000000eec00000,0x00000000eedf84f0,0x00000000ef100000)
  to   space 11264K, 0% used [0x00000000f1500000,0x00000000f1500000,0x00000000f2000000)
 ParOldGen       total 63488K, used 8531K [0x00000000c0000000, 0x00000000c3e00000, 0x00000000eab00000)
  object space 63488K, 13% used [0x00000000c0000000,0x00000000c0854f78,0x00000000c3e00000)
 Metaspace       used 22270K, capacity 22794K, committed 22912K, reserved 1069056K
  class space    used 2944K, capacity 3148K, committed 3200K, reserved 1048576K
}
Event: 3.240 GC heap before
{Heap before GC invocations=7 (full 1):
 PSYoungGen      total 71680K, used 68577K [0x00000000eab00000, 0x00000000f2000000, 0x0000000100000000)
  eden space 66560K, 100% used [0x00000000eab00000,0x00000000eec00000,0x00000000eec00000)
  from space 5120K, 39% used [0x00000000eec00000,0x00000000eedf84f0,0x00000000ef100000)
  to   space 11264K, 0% used [0x00000000f1500000,0x00000000f1500000,0x00000000f2000000)
 ParOldGen       total 63488K, used 8531K [0x00000000c0000000, 0x00000000c3e00000, 0x00000000eab00000)
  object space 63488K, 13% used [0x00000000c0000000,0x00000000c0854f78,0x00000000c3e00000)
 Metaspace       used 22270K, capacity 22794K, committed 22912K, reserved 1069056K
  class space    used 2944K, capacity 3148K, committed 3200K, reserved 1048576K
Event: 3.246 GC heap after
Heap after GC invocations=7 (full 1):
 PSYoungGen      total 108032K, used 1396K [0x00000000eab00000, 0x00000000f2100000, 0x0000000100000000)
  eden space 96768K, 0% used [0x00000000eab00000,0x00000000eab00000,0x00000000f0980000)
  from space 11264K, 12% used [0x00000000f1500000,0x00000000f165d0f0,0x00000000f2000000)
  to   space 11776K, 0% used [0x00000000f0980000,0x00000000f0980000,0x00000000f1500000)
 ParOldGen       total 63488K, used 8539K [0x00000000c0000000, 0x00000000c3e00000, 0x00000000eab00000)
  object space 63488K, 13% used [0x00000000c0000000,0x00000000c0856f78,0x00000000c3e00000)
 Metaspace       used 22270K, capacity 22794K, committed 22912K, reserved 1069056K
  class space    used 2944K, capacity 3148K, committed 3200K, reserved 1048576K
}
Event: 3.529 GC heap before
{Heap before GC invocations=8 (full 1):
 PSYoungGen      total 108032K, used 98164K [0x00000000eab00000, 0x00000000f2100000, 0x0000000100000000)
  eden space 96768K, 100% used [0x00000000eab00000,0x00000000f0980000,0x00000000f0980000)
  from space 11264K, 12% used [0x00000000f1500000,0x00000000f165d0f0,0x00000000f2000000)
  to   space 11776K, 0% used [0x00000000f0980000,0x00000000f0980000,0x00000000f1500000)
 ParOldGen       total 63488K, used 8539K [0x00000000c0000000, 0x00000000c3e00000, 0x00000000eab00000)
  object space 63488K, 13% used [0x00000000c0000000,0x00000000c0856f78,0x00000000c3e00000)
 Metaspace       used 22305K, capacity 22858K, committed 23168K, reserved 1069056K
  class space    used 2945K, capacity 3148K, committed 3200K, reserved 1048576K
Event: 3.568 GC heap after
Heap after GC invocations=8 (full 1):
 PSYoungGen      total 108544K, used 1860K [0x00000000eab00000, 0x00000000f5780000, 0x0000000100000000)
  eden space 96768K, 0% used [0x00000000eab00000,0x00000000eab00000,0x00000000f0980000)
  from space 11776K, 15% used [0x00000000f0980000,0x00000000f0b51100,0x00000000f1500000)
  to   space 11776K, 0% used [0x00000000f4c00000,0x00000000f4c00000,0x00000000f5780000)
 ParOldGen       total 63488K, used 8547K [0x00000000c0000000, 0x00000000c3e00000, 0x00000000eab00000)
  object space 63488K, 13% used [0x00000000c0000000,0x00000000c0858f78,0x00000000c3e00000)
 Metaspace       used 22305K, capacity 22858K, committed 23168K, reserved 1069056K
  class space    used 2945K, capacity 3148K, committed 3200K, reserved 1048576K
}

