# JRE version: Java(TM) SE Runtime Environment (8.0_66-b18) (build 1.8.0_66-b18)
# Java VM: Java HotSpot(TM) 64-Bit Server VM (25.66-b18 mixed mode windows-amd64 compressed oops)
Heap:
 PSYoungGen      total 317952K, used 199592K [0x00000000eab00000, 0x0000000100000000, 0x0000000100000000)
  eden space 286720K, 66% used [0x00000000eab00000,0x00000000f66023c8,0x00000000fc300000)
  from space 31232K, 25% used [0x00000000fc300000,0x00000000fcae8000,0x00000000fe180000)
  to   space 30208K, 0% used [0x00000000fe280000,0x00000000fe280000,0x0000000100000000)
 ParOldGen       total 95744K, used 52237K [0x00000000c0000000, 0x00000000c5d80000, 0x00000000eab00000)
  object space 95744K, 54% used [0x00000000c0000000,0x00000000c3303608,0x00000000c5d80000)
 Metaspace       used 54813K, capacity 59070K, committed 59096K, reserved 1099776K
  class space    used 7470K, capacity 8682K, committed 8704K, reserved 1048576K
GC Heap History (10 events):
Event: 4.813 GC heap before
{Heap before GC invocations=10 (full 2):
 PSYoungGen      total 279552K, used 15330K [0x00000000eab00000, 0x00000000fd880000, 0x0000000100000000)
  eden space 264192K, 0% used [0x00000000eab00000,0x00000000eab00000,0x00000000fad00000)
  from space 15360K, 99% used [0x00000000fbf80000,0x00000000fce78a38,0x00000000fce80000)
  to   space 18944K, 0% used [0x00000000fad00000,0x00000000fad00000,0x00000000fbf80000)
 ParOldGen       total 64000K, used 14118K [0x00000000c0000000, 0x00000000c3e80000, 0x00000000eab00000)
  object space 64000K, 22% used [0x00000000c0000000,0x00000000c0dc9820,0x00000000c3e80000)
 Metaspace       used 34067K, capacity 35204K, committed 35416K, reserved 1079296K
  class space    used 4562K, capacity 4989K, committed 4992K, reserved 1048576K
Event: 4.908 GC heap after
Heap after GC invocations=10 (full 2):
 PSYoungGen      total 279552K, used 0K [0x00000000eab00000, 0x00000000fd880000, 0x0000000100000000)
  eden space 264192K, 0% used [0x00000000eab00000,0x00000000eab00000,0x00000000fad00000)
  from space 15360K, 0% used [0x00000000fbf80000,0x00000000fbf80000,0x00000000fce80000)
  to   space 18944K, 0% used [0x00000000fad00000,0x00000000fad00000,0x00000000fbf80000)
 ParOldGen       total 95744K, used 23420K [0x00000000c0000000, 0x00000000c5d80000, 0x00000000eab00000)
  object space 95744K, 24% used [0x00000000c0000000,0x00000000c16df0c0,0x00000000c5d80000)
 Metaspace       used 33996K, capacity 34976K, committed 35416K, reserved 1079296K
  class space    used 4548K, capacity 4921K, committed 4992K, reserved 1048576K
}
Event: 6.910 GC heap before
{Heap before GC invocations=11 (full 2):
 PSYoungGen      total 279552K, used 264192K [0x00000000eab00000, 0x00000000fd880000, 0x0000000100000000)
  eden space 264192K, 100% used [0x00000000eab00000,0x00000000fad00000,0x00000000fad00000)
  from space 15360K, 0% used [0x00000000fbf80000,0x00000000fbf80000,0x00000000fce80000)
  to   space 18944K, 0% used [0x00000000fad00000,0x00000000fad00000,0x00000000fbf80000)
 ParOldGen       total 95744K, used 23420K [0x00000000c0000000, 0x00000000c5d80000, 0x00000000eab00000)
  object space 95744K, 24% used [0x00000000c0000000,0x00000000c16df0c0,0x00000000c5d80000)
 Metaspace       used 42840K, capacity 45172K, committed 45400K, reserved 1087488K
  class space    used 5904K, capacity 6707K, committed 6784K, reserved 1048576K
Event: 6.949 GC heap after
Heap after GC invocations=11 (full 2):
 PSYoungGen      total 283136K, used 18943K [0x00000000eab00000, 0x0000000100000000, 0x0000000100000000)
  eden space 264192K, 0% used [0x00000000eab00000,0x00000000eab00000,0x00000000fad00000)
  from space 18944K, 99% used [0x00000000fad00000,0x00000000fbf7ff70,0x00000000fbf80000)
  to   space 28672K, 0% used [0x00000000fe400000,0x00000000fe400000,0x0000000100000000)
 ParOldGen       total 95744K, used 38702K [0x00000000c0000000, 0x00000000c5d80000, 0x00000000eab00000)
  object space 95744K, 40% used [0x00000000c0000000,0x00000000c25cbb10,0x00000000c5d80000)
 Metaspace       used 42840K, capacity 45172K, committed 45400K, reserved 1087488K
  class space    used 5904K, capacity 6707K, committed 6784K, reserved 1048576K
}
Event: 7.390 GC heap before
{Heap before GC invocations=12 (full 2):
 PSYoungGen      total 283136K, used 73660K [0x00000000eab00000, 0x0000000100000000, 0x0000000100000000)
  eden space 264192K, 20% used [0x00000000eab00000,0x00000000ee06f178,0x00000000fad00000)
  from space 18944K, 99% used [0x00000000fad00000,0x00000000fbf7ff70,0x00000000fbf80000)
  to   space 28672K, 0% used [0x00000000fe400000,0x00000000fe400000,0x0000000100000000)
 ParOldGen       total 95744K, used 38702K [0x00000000c0000000, 0x00000000c5d80000, 0x00000000eab00000)
  object space 95744K, 40% used [0x00000000c0000000,0x00000000c25cbb10,0x00000000c5d80000)
 Metaspace       used 44380K, capacity 46968K, committed 47192K, reserved 1089536K
  class space    used 6141K, capacity 7018K, committed 7040K, reserved 1048576K
Event: 7.428 GC heap after
Heap after GC invocations=12 (full 2):
 PSYoungGen      total 315392K, used 22798K [0x00000000eab00000, 0x0000000100000000, 0x0000000100000000)
  eden space 286720K, 0% used [0x00000000eab00000,0x00000000eab00000,0x00000000fc300000)
  from space 28672K, 79% used [0x00000000fe400000,0x00000000ffa43948,0x0000000100000000)
  to   space 31232K, 0% used [0x00000000fc300000,0x00000000fc300000,0x00000000fe180000)
 ParOldGen       total 95744K, used 38710K [0x00000000c0000000, 0x00000000c5d80000, 0x00000000eab00000)
  object space 95744K, 40% used [0x00000000c0000000,0x00000000c25cdb10,0x00000000c5d80000)
 Metaspace       used 44380K, capacity 46968K, committed 47192K, reserved 1089536K
  class space    used 6141K, capacity 7018K, committed 7040K, reserved 1048576K
}
Event: 7.428 GC heap before
{Heap before GC invocations=13 (full 3):
 PSYoungGen      total 315392K, used 22798K [0x00000000eab00000, 0x0000000100000000, 0x0000000100000000)
  eden space 286720K, 0% used [0x00000000eab00000,0x00000000eab00000,0x00000000fc300000)
  from space 28672K, 79% used [0x00000000fe400000,0x00000000ffa43948,0x0000000100000000)
  to   space 31232K, 0% used [0x00000000fc300000,0x00000000fc300000,0x00000000fe180000)
 ParOldGen       total 95744K, used 38710K [0x00000000c0000000, 0x00000000c5d80000, 0x00000000eab00000)
  object space 95744K, 40% used [0x00000000c0000000,0x00000000c25cdb10,0x00000000c5d80000)
 Metaspace       used 44380K, capacity 46968K, committed 47192K, reserved 1089536K
  class space    used 6141K, capacity 7018K, committed 7040K, reserved 1048576K
Event: 7.663 GC heap after
Heap after GC invocations=13 (full 3):
 PSYoungGen      total 315392K, used 0K [0x00000000eab00000, 0x0000000100000000, 0x0000000100000000)
  eden space 286720K, 0% used [0x00000000eab00000,0x00000000eab00000,0x00000000fc300000)
  from space 28672K, 0% used [0x00000000fe400000,0x00000000fe400000,0x0000000100000000)
  to   space 31232K, 0% used [0x00000000fc300000,0x00000000fc300000,0x00000000fe180000)
 ParOldGen       total 95744K, used 52229K [0x00000000c0000000, 0x00000000c5d80000, 0x00000000eab00000)
  object space 95744K, 54% used [0x00000000c0000000,0x00000000c3301608,0x00000000c5d80000)
 Metaspace       used 44380K, capacity 46968K, committed 47192K, reserved 1089536K
  class space    used 6141K, capacity 7018K, committed 7040K, reserved 1048576K
}
Event: 110.577 GC heap before
{Heap before GC invocations=14 (full 3):
 PSYoungGen      total 315392K, used 286720K [0x00000000eab00000, 0x0000000100000000, 0x0000000100000000)
  eden space 286720K, 100% used [0x00000000eab00000,0x00000000fc300000,0x00000000fc300000)
  from space 28672K, 0% used [0x00000000fe400000,0x00000000fe400000,0x0000000100000000)
  to   space 31232K, 0% used [0x00000000fc300000,0x00000000fc300000,0x00000000fe180000)
 ParOldGen       total 95744K, used 52229K [0x00000000c0000000, 0x00000000c5d80000, 0x00000000eab00000)
  object space 95744K, 54% used [0x00000000c0000000,0x00000000c3301608,0x00000000c5d80000)
 Metaspace       used 47567K, capacity 51566K, committed 51800K, reserved 1093632K
  class space    used 6625K, capacity 7754K, committed 7808K, reserved 1048576K
Event: 110.602 GC heap after
Heap after GC invocations=14 (full 3):
 PSYoungGen      total 317952K, used 8096K [0x00000000eab00000, 0x0000000100000000, 0x0000000100000000)
  eden space 286720K, 0% used [0x00000000eab00000,0x00000000eab00000,0x00000000fc300000)
  from space 31232K, 25% used [0x00000000fc300000,0x00000000fcae8000,0x00000000fe180000)
  to   space 30208K, 0% used [0x00000000fe280000,0x00000000fe280000,0x0000000100000000)
 ParOldGen       total 95744K, used 52237K [0x00000000c0000000, 0x00000000c5d80000, 0x00000000eab00000)
  object space 95744K, 54% used [0x00000000c0000000,0x00000000c3303608,0x00000000c5d80000)
 Metaspace       used 47567K, capacity 51566K, committed 51800K, reserved 1093632K
  class space    used 6625K, capacity 7754K, committed 7808K, reserved 1048576K
}

